Arguments: 
  /usr/bin/node /usr/share/yarn/bin/yarn.js add cors

PATH: 
  /home/feng/google-cloud-sdk/bin:/home/feng/anaconda3/condabin:/home/feng/bin:/home/feng/.local/bin:/usr/local/sbin:/usr/local/bin:/usr/sbin:/usr/bin:/sbin:/bin:/usr/games:/usr/local/games:/snap/bin:/home/feng/Documents/fun_stuffs/CLI_TODO:/home/feng/Android/Sdk/emulator:/home/feng/Android/Sdk/tools:/home/feng/Android/Sdk/tools/bin:/home/feng/Android/Sdk/platform-tools:/home/feng/Downloads/mongodb-linux-x86_64-ubuntu1804-4.4.6/bin

Yarn version: 
  1.22.4

Node version: 
  12.17.0

Platform: 
  linux x64

Trace: 
  Error: getaddrinfo ENOTFOUND registry.yarnpkg.com
      at GetAddrInfoReqWrap.onlookup [as oncomplete] (dns.js:66:26)

npm manifest: 
  {
    "name": "nodejs-creating-restful-apis",
    "version": "1.0.0",
    "description": "",
    "main": "app.js",
    "scripts": {
      "start": "nodemon index.js",
      "test": "echo \"Error: no test specified\" && exit 1"
    },
    "author": "",
    "license": "ISC",
    "dependencies": {
      "bcrypt": "^5.0.1",
      "dotenv": "^9.0.2",
      "express": "^4.17.1",
      "jsonwebtoken": "^8.5.1",
      "mongoose": "^5.12.8",
      "nodemon": "^2.0.7"
    }
  }

yarn manifest: 
  No manifest

Lockfile: 
  No lockfile
